<?xml version="1.0" encoding="UTF-8"?>
<!-- Generated by org.testng.reporters.JUnitReportReporter -->
<testsuite hostname="LAPTOP-3IV2C64L" failures="0" tests="1" name="restapi.restapipractice.JSONSchemaValidator" time="1.576" errors="0" timestamp="2024-06-11T22:03:36 IST" skipped="0">
  <testcase classname="restapi.restapipractice.JSONSchemaValidator" name="test3" time="1.576"/>
</testsuite> <!-- restapi.restapipractice.JSONSchemaValidator -->
