<?xml version="1.0" encoding="UTF-8"?>
<!-- Generated by org.testng.reporters.JUnitReportReporter -->
<testsuite hostname="LAPTOP-3IV2C64L" failures="0" tests="1" name="restapi.restapipractice.TestOnLocalApi" time="1.005" errors="0" timestamp="2024-06-06T23:23:26 IST" skipped="0">
  <testcase classname="restapi.restapipractice.TestOnLocalApi" name="post" time="1.005"/>
</testsuite> <!-- restapi.restapipractice.TestOnLocalApi -->
