<?xml version="1.0" encoding="UTF-8"?>
<!-- Generated by org.testng.reporters.JUnitReportReporter -->
<testsuite hostname="LAPTOP-3IV2C64L" failures="0" tests="1" name="restapi.restapipractice.AppTest" time="2.150" errors="0" timestamp="2024-05-09T23:14:35 IST" skipped="0">
  <testcase classname="restapi.restapipractice.AppTest" name="test4" time="2.150"/>
</testsuite> <!-- restapi.restapipractice.AppTest -->
