<?xml version="1.0" encoding="UTF-8"?>
<!-- Generated by org.testng.reporters.JUnitReportReporter -->
<testsuite hostname="LAPTOP-3IV2C64L" failures="0" tests="4" name="restapi.restapipractice.PutPatchDeleteExample" time="3.384" errors="0" timestamp="2024-05-23T22:18:56 IST" skipped="0">
  <testcase classname="restapi.restapipractice.PutPatchDeleteExample" name="TestDelete" time="2.144"/>
  <testcase classname="restapi.restapipractice.PutPatchDeleteExample" name="TestPatch" time="0.437"/>
  <testcase classname="restapi.restapipractice.PutPatchDeleteExample" name="TestPatch2" time="0.425"/>
  <testcase classname="restapi.restapipractice.PutPatchDeleteExample" name="TestPut" time="0.378"/>
</testsuite> <!-- restapi.restapipractice.PutPatchDeleteExample -->
