<?xml version="1.0" encoding="UTF-8"?>
<!-- Generated by org.testng.reporters.JUnitReportReporter -->
<testsuite hostname="LAPTOP-3IV2C64L" failures="0" tests="1" name="restapi.restapipractice.SOAPXMLRequest" time="3.096" errors="0" timestamp="2024-06-19T12:07:32 IST" skipped="0">
  <testcase classname="restapi.restapipractice.SOAPXMLRequest" name="validateSoapXML" time="3.096"/>
</testsuite> <!-- restapi.restapipractice.SOAPXMLRequest -->
